<?xml version="1.0" encoding="UTF-8"?>
<testsuite name="TestShape" tests="2" skipped="0" failures="0" errors="0" timestamp="2021-06-11T01:24:37" hostname="MARTIN-DESKTOP" time="0.001">
  <properties/>
  <testcase name="testShapeConstructor" classname="TestShape" time="0.001"/>
  <testcase name="testShapeConstructorFunctionality" classname="TestShape" time="0.0"/>
  <system-out><![CDATA[]]></system-out>
  <system-err><![CDATA[]]></system-err>
</testsuite>
