<?xml version="1.0" encoding="UTF-8"?>
<testsuite name="Tests" tests="4" skipped="0" failures="0" errors="0" timestamp="2021-06-16T02:07:04" hostname="MARTIN-DESKTOP" time="0.006">
  <properties/>
  <testcase name="testAdultPatient" classname="Tests" time="0.006"/>
  <testcase name="testArrayOfPeople" classname="Tests" time="0.0"/>
  <testcase name="testTempSetters" classname="Tests" time="0.0"/>
  <testcase name="testEmployableSettersGetters" classname="Tests" time="0.0"/>
  <system-out><![CDATA[]]></system-out>
  <system-err><![CDATA[]]></system-err>
</testsuite>
